This file contains any messages produced by compilers while
running configure, to aid debugging if configure makes a mistake.

It was created by configure, which was
generated by GNU Autoconf 2.67.  Invocation command line was

  $ ./configure 

## --------- ##
## Platform. ##
## --------- ##

hostname = debian
uname -m = i686
uname -r = 2.6.32-5-686
uname -s = Linux
uname -v = #1 SMP Mon Jun 13 04:13:06 UTC 2011

/usr/bin/uname -p = unknown
/bin/uname -X     = unknown

/bin/arch              = unknown
/usr/bin/arch -k       = unknown
/usr/convex/getsysinfo = unknown
/usr/bin/hostinfo      = unknown
/bin/machine           = unknown
/usr/bin/oslevel       = unknown
/bin/universe          = unknown

PATH: /usr/local/sbin
PATH: /usr/local/bin
PATH: /usr/sbin
PATH: /usr/bin
PATH: /sbin
PATH: /bin


## ----------- ##
## Core tests. ##
## ----------- ##

configure:2087: checking for a BSD-compatible install
configure:2155: result: /usr/bin/install -c
configure:2166: checking whether build environment is sane
configure:2216: result: yes
configure:2357: checking for a thread-safe mkdir -p
configure:2396: result: /bin/mkdir -p
configure:2409: checking for gawk
configure:2425: found /usr/bin/gawk
configure:2436: result: gawk
configure:2447: checking whether make sets $(MAKE)
configure:2469: result: yes
configure:2602: checking for gcc
configure:2618: found /usr/bin/gcc
configure:2629: result: gcc
configure:2858: checking for C compiler version
configure:2867: gcc --version >&5
gcc (Debian 4.4.5-8) 4.4.5
Copyright (C) 2010 Free Software Foundation, Inc.
This is free software; see the source for copying conditions.  There is NO
warranty; not even for MERCHANTABILITY or FITNESS FOR A PARTICULAR PURPOSE.

configure:2878: $? = 0
configure:2867: gcc -v >&5
Using built-in specs.
Target: i486-linux-gnu
Configured with: ../src/configure -v --with-pkgversion='Debian 4.4.5-8' --with-bugurl=file:///usr/share/doc/gcc-4.4/README.Bugs --enable-languages=c,c++,fortran,objc,obj-c++ --prefix=/usr --program-suffix=-4.4 --enable-shared --enable-multiarch --enable-linker-build-id --with-system-zlib --libexecdir=/usr/lib --without-included-gettext --enable-threads=posix --with-gxx-include-dir=/usr/include/c++/4.4 --libdir=/usr/lib --enable-nls --enable-clocale=gnu --enable-libstdcxx-debug --enable-objc-gc --enable-targets=all --with-arch-32=i586 --with-tune=generic --enable-checking=release --build=i486-linux-gnu --host=i486-linux-gnu --target=i486-linux-gnu
Thread model: posix
gcc version 4.4.5 (Debian 4.4.5-8) 
configure:2878: $? = 0
configure:2867: gcc -V >&5
gcc: '-V' option must have argument
configure:2878: $? = 1
configure:2867: gcc -qversion >&5
gcc: unrecognized option '-qversion'
gcc: no input files
configure:2878: $? = 1
configure:2898: checking whether the C compiler works
configure:2920: gcc    conftest.c  >&5
configure:2924: $? = 0
configure:2972: result: yes
configure:2975: checking for C compiler default output file name
configure:2977: result: a.out
configure:2983: checking for suffix of executables
configure:2990: gcc -o conftest    conftest.c  >&5
configure:2994: $? = 0
configure:3016: result: 
configure:3038: checking whether we are cross compiling
configure:3046: gcc -o conftest    conftest.c  >&5
configure:3050: $? = 0
configure:3057: ./conftest
configure:3061: $? = 0
configure:3076: result: no
configure:3081: checking for suffix of object files
configure:3103: gcc -c   conftest.c >&5
configure:3107: $? = 0
configure:3128: result: o
configure:3132: checking whether we are using the GNU C compiler
configure:3151: gcc -c   conftest.c >&5
configure:3151: $? = 0
configure:3160: result: yes
configure:3169: checking whether gcc accepts -g
configure:3189: gcc -c -g  conftest.c >&5
configure:3189: $? = 0
configure:3230: result: yes
configure:3247: checking for gcc option to accept ISO C89
configure:3311: gcc  -c -g -O2  conftest.c >&5
configure:3311: $? = 0
configure:3324: result: none needed
configure:3355: checking for style of include used by make
configure:3383: result: GNU
configure:3408: checking dependency style of gcc
configure:3518: result: gcc3
configure:3533: checking for gcc option to accept ISO C99
configure:3682: gcc  -c -g -O2  conftest.c >&5
conftest.c:61: error: expected ';', ',' or ')' before 'text'
conftest.c: In function 'main':
conftest.c:115: error: expected '=', ',', ';', 'asm' or '__attribute__' before 'newvar'
conftest.c:115: error: 'newvar' undeclared (first use in this function)
conftest.c:115: error: (Each undeclared identifier is reported only once
conftest.c:115: error: for each function it appears in.)
conftest.c:125: error: 'for' loop initial declarations are only allowed in C99 mode
conftest.c:125: note: use option -std=c99 or -std=gnu99 to compile your code
configure:3682: $? = 1
configure: failed program was:
| /* confdefs.h */
| #define PACKAGE_NAME ""
| #define PACKAGE_TARNAME ""
| #define PACKAGE_VERSION ""
| #define PACKAGE_STRING ""
| #define PACKAGE_BUGREPORT ""
| #define PACKAGE_URL ""
| #define PACKAGE "usbsoftrock"
| #define VERSION "1.0.2"
| /* end confdefs.h.  */
| #include <stdarg.h>
| #include <stdbool.h>
| #include <stdlib.h>
| #include <wchar.h>
| #include <stdio.h>
| 
| // Check varargs macros.  These examples are taken from C99 6.10.3.5.
| #define debug(...) fprintf (stderr, __VA_ARGS__)
| #define showlist(...) puts (#__VA_ARGS__)
| #define report(test,...) ((test) ? puts (#test) : printf (__VA_ARGS__))
| static void
| test_varargs_macros (void)
| {
|   int x = 1234;
|   int y = 5678;
|   debug ("Flag");
|   debug ("X = %d\n", x);
|   showlist (The first, second, and third items.);
|   report (x>y, "x is %d but y is %d", x, y);
| }
| 
| // Check long long types.
| #define BIG64 18446744073709551615ull
| #define BIG32 4294967295ul
| #define BIG_OK (BIG64 / BIG32 == 4294967297ull && BIG64 % BIG32 == 0)
| #if !BIG_OK
|   your preprocessor is broken;
| #endif
| #if BIG_OK
| #else
|   your preprocessor is broken;
| #endif
| static long long int bignum = -9223372036854775807LL;
| static unsigned long long int ubignum = BIG64;
| 
| struct incomplete_array
| {
|   int datasize;
|   double data[];
| };
| 
| struct named_init {
|   int number;
|   const wchar_t *name;
|   double average;
| };
| 
| typedef const char *ccp;
| 
| static inline int
| test_restrict (ccp restrict text)
| {
|   // See if C++-style comments work.
|   // Iterate through items via the restricted pointer.
|   // Also check for declarations in for loops.
|   for (unsigned int i = 0; *(text+i) != '\0'; ++i)
|     continue;
|   return 0;
| }
| 
| // Check varargs and va_copy.
| static void
| test_varargs (const char *format, ...)
| {
|   va_list args;
|   va_start (args, format);
|   va_list args_copy;
|   va_copy (args_copy, args);
| 
|   const char *str;
|   int number;
|   float fnumber;
| 
|   while (*format)
|     {
|       switch (*format++)
| 	{
| 	case 's': // string
| 	  str = va_arg (args_copy, const char *);
| 	  break;
| 	case 'd': // int
| 	  number = va_arg (args_copy, int);
| 	  break;
| 	case 'f': // float
| 	  fnumber = va_arg (args_copy, double);
| 	  break;
| 	default:
| 	  break;
| 	}
|     }
|   va_end (args_copy);
|   va_end (args);
| }
| 
| int
| main ()
| {
| 
|   // Check bool.
|   _Bool success = false;
| 
|   // Check restrict.
|   if (test_restrict ("String literal") == 0)
|     success = true;
|   char *restrict newvar = "Another string";
| 
|   // Check varargs.
|   test_varargs ("s, d' f .", "string", 65, 34.234);
|   test_varargs_macros ();
| 
|   // Check flexible array members.
|   struct incomplete_array *ia =
|     malloc (sizeof (struct incomplete_array) + (sizeof (double) * 10));
|   ia->datasize = 10;
|   for (int i = 0; i < ia->datasize; ++i)
|     ia->data[i] = i * 1.234;
| 
|   // Check named initializers.
|   struct named_init ni = {
|     .number = 34,
|     .name = L"Test wide string",
|     .average = 543.34343,
|   };
| 
|   ni.number = 58;
| 
|   int dynamic_array[ni.number];
|   dynamic_array[ni.number - 1] = 543;
| 
|   // work around unused variable warnings
|   return (!success || bignum == 0LL || ubignum == 0uLL || newvar[0] == 'x'
| 	  || dynamic_array[ni.number - 1] != 543);
| 
|   ;
|   return 0;
| }
configure:3682: gcc -std=gnu99 -c -g -O2  conftest.c >&5
configure:3682: $? = 0
configure:3702: result: -std=gnu99
configure:3714: checking for main in -lncurses
configure:3733: gcc -std=gnu99 -o conftest -g -O2   conftest.c -lncurses   >&5
configure:3733: $? = 0
configure:3742: result: yes
configure:3804: checking for pkg-config
configure:3822: found /usr/bin/pkg-config
configure:3834: result: /usr/bin/pkg-config
configure:3859: checking pkg-config is at least version 0.9.0
configure:3862: result: yes
configure:3873: checking for libusb
configure:3881: $PKG_CONFIG --exists --print-errors "libusb"
configure:3884: $? = 0
configure:3899: $PKG_CONFIG --exists --print-errors "libusb"
configure:3902: $? = 0
configure:4020: result: yes
configure:4040: checking how to run the C preprocessor
configure:4071: gcc -std=gnu99 -E    conftest.c
configure:4071: $? = 0
configure:4085: gcc -std=gnu99 -E    conftest.c
conftest.c:12:28: error: ac_nonexistent.h: No such file or directory
configure:4085: $? = 1
configure: failed program was:
| /* confdefs.h */
| #define PACKAGE_NAME ""
| #define PACKAGE_TARNAME ""
| #define PACKAGE_VERSION ""
| #define PACKAGE_STRING ""
| #define PACKAGE_BUGREPORT ""
| #define PACKAGE_URL ""
| #define PACKAGE "usbsoftrock"
| #define VERSION "1.0.2"
| #define HAVE_LIBNCURSES 1
| /* end confdefs.h.  */
| #include <ac_nonexistent.h>
configure:4110: result: gcc -std=gnu99 -E
configure:4130: gcc -std=gnu99 -E    conftest.c
configure:4130: $? = 0
configure:4144: gcc -std=gnu99 -E    conftest.c
conftest.c:12:28: error: ac_nonexistent.h: No such file or directory
configure:4144: $? = 1
configure: failed program was:
| /* confdefs.h */
| #define PACKAGE_NAME ""
| #define PACKAGE_TARNAME ""
| #define PACKAGE_VERSION ""
| #define PACKAGE_STRING ""
| #define PACKAGE_BUGREPORT ""
| #define PACKAGE_URL ""
| #define PACKAGE "usbsoftrock"
| #define VERSION "1.0.2"
| #define HAVE_LIBNCURSES 1
| /* end confdefs.h.  */
| #include <ac_nonexistent.h>
configure:4173: checking for grep that handles long lines and -e
configure:4231: result: /bin/grep
configure:4236: checking for egrep
configure:4298: result: /bin/grep -E
configure:4303: checking for ANSI C header files
configure:4323: gcc -std=gnu99 -c -g -O2      conftest.c >&5
configure:4323: $? = 0
configure:4396: gcc -std=gnu99 -o conftest -g -O2       conftest.c -lncurses  -lusb   >&5
configure:4396: $? = 0
configure:4396: ./conftest
configure:4396: $? = 0
configure:4407: result: yes
configure:4420: checking for sys/types.h
configure:4420: gcc -std=gnu99 -c -g -O2      conftest.c >&5
configure:4420: $? = 0
configure:4420: result: yes
configure:4420: checking for sys/stat.h
configure:4420: gcc -std=gnu99 -c -g -O2      conftest.c >&5
configure:4420: $? = 0
configure:4420: result: yes
configure:4420: checking for stdlib.h
configure:4420: gcc -std=gnu99 -c -g -O2      conftest.c >&5
configure:4420: $? = 0
configure:4420: result: yes
configure:4420: checking for string.h
configure:4420: gcc -std=gnu99 -c -g -O2      conftest.c >&5
configure:4420: $? = 0
configure:4420: result: yes
configure:4420: checking for memory.h
configure:4420: gcc -std=gnu99 -c -g -O2      conftest.c >&5
configure:4420: $? = 0
configure:4420: result: yes
configure:4420: checking for strings.h
configure:4420: gcc -std=gnu99 -c -g -O2      conftest.c >&5
configure:4420: $? = 0
configure:4420: result: yes
configure:4420: checking for inttypes.h
configure:4420: gcc -std=gnu99 -c -g -O2      conftest.c >&5
configure:4420: $? = 0
configure:4420: result: yes
configure:4420: checking for stdint.h
configure:4420: gcc -std=gnu99 -c -g -O2      conftest.c >&5
configure:4420: $? = 0
configure:4420: result: yes
configure:4420: checking for unistd.h
configure:4420: gcc -std=gnu99 -c -g -O2      conftest.c >&5
configure:4420: $? = 0
configure:4420: result: yes
configure:4435: checking for stdlib.h
configure:4435: result: yes
configure:4435: checking for string.h
configure:4435: result: yes
configure:4435: checking for unistd.h
configure:4435: result: yes
configure:4571: creating ./config.status

## ---------------------- ##
## Running config.status. ##
## ---------------------- ##

This file was extended by config.status, which was
generated by GNU Autoconf 2.67.  Invocation command line was

  CONFIG_FILES    = 
  CONFIG_HEADERS  = 
  CONFIG_LINKS    = 
  CONFIG_COMMANDS = 
  $ ./config.status 

on debian

config.status:863: creating Makefile
config.status:863: creating config.h
config.status:1091: executing depfiles commands

## ---------------- ##
## Cache variables. ##
## ---------------- ##

ac_cv_c_compiler_gnu=yes
ac_cv_env_CC_set=
ac_cv_env_CC_value=
ac_cv_env_CFLAGS_set=
ac_cv_env_CFLAGS_value=
ac_cv_env_CPPFLAGS_set=
ac_cv_env_CPPFLAGS_value=
ac_cv_env_CPP_set=
ac_cv_env_CPP_value=
ac_cv_env_LDFLAGS_set=
ac_cv_env_LDFLAGS_value=
ac_cv_env_LIBS_set=
ac_cv_env_LIBS_value=
ac_cv_env_PKG_CONFIG_set=
ac_cv_env_PKG_CONFIG_value=
ac_cv_env_build_alias_set=
ac_cv_env_build_alias_value=
ac_cv_env_host_alias_set=
ac_cv_env_host_alias_value=
ac_cv_env_libusb_CFLAGS_set=
ac_cv_env_libusb_CFLAGS_value=
ac_cv_env_libusb_LIBS_set=
ac_cv_env_libusb_LIBS_value=
ac_cv_env_target_alias_set=
ac_cv_env_target_alias_value=
ac_cv_header_inttypes_h=yes
ac_cv_header_memory_h=yes
ac_cv_header_stdc=yes
ac_cv_header_stdint_h=yes
ac_cv_header_stdlib_h=yes
ac_cv_header_string_h=yes
ac_cv_header_strings_h=yes
ac_cv_header_sys_stat_h=yes
ac_cv_header_sys_types_h=yes
ac_cv_header_unistd_h=yes
ac_cv_lib_ncurses_main=yes
ac_cv_objext=o
ac_cv_path_EGREP='/bin/grep -E'
ac_cv_path_GREP=/bin/grep
ac_cv_path_ac_pt_PKG_CONFIG=/usr/bin/pkg-config
ac_cv_path_install='/usr/bin/install -c'
ac_cv_path_mkdir=/bin/mkdir
ac_cv_prog_AWK=gawk
ac_cv_prog_CPP='gcc -std=gnu99 -E'
ac_cv_prog_ac_ct_CC=gcc
ac_cv_prog_cc_c89=
ac_cv_prog_cc_c99=-std=gnu99
ac_cv_prog_cc_g=yes
ac_cv_prog_make_make_set=yes
am_cv_CC_dependencies_compiler_type=gcc3
pkg_cv_libusb_CFLAGS=' '
pkg_cv_libusb_LIBS='-lusb  '

## ----------------- ##
## Output variables. ##
## ----------------- ##

ACLOCAL='${SHELL} /root/usbsoftrock/usbsoftrock-1.0.2/missing --run aclocal-1.11'
AMDEPBACKSLASH='\'
AMDEP_FALSE='#'
AMDEP_TRUE=''
AMTAR='${SHELL} /root/usbsoftrock/usbsoftrock-1.0.2/missing --run tar'
AUTOCONF='${SHELL} /root/usbsoftrock/usbsoftrock-1.0.2/missing --run autoconf'
AUTOHEADER='${SHELL} /root/usbsoftrock/usbsoftrock-1.0.2/missing --run autoheader'
AUTOMAKE='${SHELL} /root/usbsoftrock/usbsoftrock-1.0.2/missing --run automake-1.11'
AWK='gawk'
CC='gcc -std=gnu99'
CCDEPMODE='depmode=gcc3'
CFLAGS='-g -O2  '
CPP='gcc -std=gnu99 -E'
CPPFLAGS='  '
CYGPATH_W='echo'
DEFS='-DHAVE_CONFIG_H'
DEPDIR='.deps'
ECHO_C=''
ECHO_N='-n'
ECHO_T=''
EGREP='/bin/grep -E'
EXEEXT=''
GREP='/bin/grep'
INSTALL_DATA='${INSTALL} -m 644'
INSTALL_PROGRAM='${INSTALL}'
INSTALL_SCRIPT='${INSTALL}'
INSTALL_STRIP_PROGRAM='$(install_sh) -c -s'
LDFLAGS=''
LIBOBJS=''
LIBS='-lncurses  -lusb  '
LTLIBOBJS=''
MAKEINFO='${SHELL} /root/usbsoftrock/usbsoftrock-1.0.2/missing --run makeinfo'
MKDIR_P='/bin/mkdir -p'
OBJEXT='o'
PACKAGE='usbsoftrock'
PACKAGE_BUGREPORT=''
PACKAGE_NAME=''
PACKAGE_STRING=''
PACKAGE_TARNAME=''
PACKAGE_URL=''
PACKAGE_VERSION=''
PATH_SEPARATOR=':'
PKG_CONFIG='/usr/bin/pkg-config'
SET_MAKE=''
SHELL='/bin/bash'
STRIP=''
VERSION='1.0.2'
ac_ct_CC='gcc'
am__EXEEXT_FALSE=''
am__EXEEXT_TRUE='#'
am__fastdepCC_FALSE='#'
am__fastdepCC_TRUE=''
am__include='include'
am__isrc=''
am__leading_dot='.'
am__quote=''
am__tar='${AMTAR} chof - "$$tardir"'
am__untar='${AMTAR} xf -'
bindir='${exec_prefix}/bin'
build_alias=''
datadir='${datarootdir}'
datarootdir='${prefix}/share'
docdir='${datarootdir}/doc/${PACKAGE}'
dvidir='${docdir}'
exec_prefix='${prefix}'
host_alias=''
htmldir='${docdir}'
includedir='${prefix}/include'
infodir='${datarootdir}/info'
install_sh='${SHELL} /root/usbsoftrock/usbsoftrock-1.0.2/install-sh'
libdir='${exec_prefix}/lib'
libexecdir='${exec_prefix}/libexec'
libusb_CFLAGS=' '
libusb_LIBS='-lusb  '
localedir='${datarootdir}/locale'
localstatedir='${prefix}/var'
mandir='${datarootdir}/man'
mkdir_p='/bin/mkdir -p'
oldincludedir='/usr/include'
pdfdir='${docdir}'
prefix='/usr/local'
program_transform_name='s,x,x,'
psdir='${docdir}'
sbindir='${exec_prefix}/sbin'
sharedstatedir='${prefix}/com'
sysconfdir='${prefix}/etc'
target_alias=''

## ----------- ##
## confdefs.h. ##
## ----------- ##

/* confdefs.h */
#define PACKAGE_NAME ""
#define PACKAGE_TARNAME ""
#define PACKAGE_VERSION ""
#define PACKAGE_STRING ""
#define PACKAGE_BUGREPORT ""
#define PACKAGE_URL ""
#define PACKAGE "usbsoftrock"
#define VERSION "1.0.2"
#define HAVE_LIBNCURSES 1
#define STDC_HEADERS 1
#define HAVE_SYS_TYPES_H 1
#define HAVE_SYS_STAT_H 1
#define HAVE_STDLIB_H 1
#define HAVE_STRING_H 1
#define HAVE_MEMORY_H 1
#define HAVE_STRINGS_H 1
#define HAVE_INTTYPES_H 1
#define HAVE_STDINT_H 1
#define HAVE_UNISTD_H 1
#define HAVE_STDLIB_H 1
#define HAVE_STRING_H 1
#define HAVE_UNISTD_H 1

configure: exit 0
